빌드 시작: 2016-05-16 오후 4:05:08
     1>2 노드의 "C:\Users\유석환\Desktop\스터디 연습문제\스터디 연습문제.vcxproj" 프로젝트(Build 대상)입니다.
     1>ClCompile:
         C:\Program Files (x86)\Microsoft Visual Studio 14.0\VC\bin\CL.exe /c /ZI /nologo /W3 /WX- /sdl- /Od /Oy- /D WIN32 /D _DEBUG /D _CONSOLE /D _UNICODE /D UNICODE /Gm /EHsc /RTC1 /MDd /GS /fp:precise /Zc:wchar_t /Zc:forScope /Zc:inline /Fo"Debug\\" /Fd"Debug\vc140.pdb" /Gd /TC /analyze- /errorReport:prompt 020.c
         020.c
     1>c:\users\유석환\desktop\스터디 연습문제\020.c(10): warning C4996: 'scanf': This function or variable may be unsafe. Consider using scanf_s instead. To disable deprecation, use _CRT_SECURE_NO_WARNINGS. See online help for details.
         c:\program files (x86)\windows kits\10\include\10.0.10150.0\ucrt\stdio.h(1270): note: 'scanf' 선언을 참조하십시오.
     1>c:\users\유석환\desktop\스터디 연습문제\020.c(13): warning C4996: 'scanf': This function or variable may be unsafe. Consider using scanf_s instead. To disable deprecation, use _CRT_SECURE_NO_WARNINGS. See online help for details.
         c:\program files (x86)\windows kits\10\include\10.0.10150.0\ucrt\stdio.h(1270): note: 'scanf' 선언을 참조하십시오.
     1>c:\users\유석환\desktop\스터디 연습문제\020.c(16): warning C4996: 'scanf': This function or variable may be unsafe. Consider using scanf_s instead. To disable deprecation, use _CRT_SECURE_NO_WARNINGS. See online help for details.
         c:\program files (x86)\windows kits\10\include\10.0.10150.0\ucrt\stdio.h(1270): note: 'scanf' 선언을 참조하십시오.
       Link:
         C:\Program Files (x86)\Microsoft Visual Studio 14.0\VC\bin\link.exe /ERRORREPORT:PROMPT /OUT:"C:\Users\유석환\Desktop\스터디 연습문제\Debug\스터디 연습문제.exe" /INCREMENTAL /NOLOGO kernel32.lib user32.lib gdi32.lib winspool.lib comdlg32.lib advapi32.lib shell32.lib ole32.lib oleaut32.lib uuid.lib odbc32.lib odbccp32.lib /MANIFEST /MANIFESTUAC:"level='asInvoker' uiAccess='false'" /manifest:embed /Debug /PDB:"C:\Users\유석환\Desktop\스터디 연습문제\Debug\스터디 연습문제.pdb" /SUBSYSTEM:CONSOLE /TLBID:1 /DYNAMICBASE /NXCOMPAT /IMPLIB:"C:\Users\유석환\Desktop\스터디 연습문제\Debug\스터디 연습문제.lib" /MACHINE:X86 Debug\001.obj
         Debug\002.obj
         Debug\003.obj
         Debug\004.obj
         Debug\005.obj
         Debug\006.obj
         Debug\007.obj
         Debug\008.obj
         Debug\009.obj
         Debug\010.obj
         Debug\011.obj
         Debug\012.obj
         Debug\013.obj
         Debug\014.obj
         Debug\015.obj
         Debug\016.obj
         Debug\017.obj
         Debug\018.obj
         Debug\019.obj
         Debug\020.obj
         스터디 연습문제.vcxproj -> C:\Users\유석환\Desktop\스터디 연습문제\Debug\스터디 연습문제.exe
     1>"C:\Users\유석환\Desktop\스터디 연습문제\스터디 연습문제.vcxproj" 프로젝트를 빌드했습니다(Build 대상).

빌드했습니다.

경과 시간: 00:00:00.98
